# JRE version: OpenJDK Runtime Environment Temurin-21.0.10+7 (21.0.10+7) (build 21.0.10+7-LTS)
# Java VM: OpenJDK 64-Bit Server VM Temurin-21.0.10+7 (21.0.10+7-LTS, mixed mode, sharing, tiered, compressed oops, compressed class ptrs, parallel gc, windows-amd64)
GC Precious Log:
 CardTable entry size: 512
 CPUs: 4 total, 4 available
 Memory: 8073M
 Large Page Support: Disabled
 NUMA Support: Disabled
 Compressed Oops: Enabled (32-bit)
 Alignments: Space 512K, Generation 512K, Heap 2M
 Heap Min Capacity: 100M
 Heap Initial Capacity: 100M
 Heap Max Capacity: 2G
 Pre-touch: Disabled
 Parallel Workers: 4
Heap:
 PSYoungGen      total 16896K, used 9017K [0x00000000d5580000, 0x00000000d6f00000, 0x0000000100000000)
  eden space 15360K, 55% used [0x00000000d5580000,0x00000000d5de1d40,0x00000000d6480000)
  from space 1536K, 28% used [0x00000000d6c00000,0x00000000d6c6c770,0x00000000d6d80000)
  to   space 1024K, 0% used [0x00000000d6e00000,0x00000000d6e00000,0x00000000d6f00000)
 ParOldGen       total 77824K, used 77410K [0x0000000080000000, 0x0000000084c00000, 0x00000000d5580000)
  object space 77824K, 99% used [0x0000000080000000,0x0000000084b98a50,0x0000000084c00000)
 Metaspace       used 65835K, committed 67392K, reserved 1114112K
  class space    used 6856K, committed 7488K, reserved 1048576K
GC Heap History (20 events):
Event: 78.085 GC heap before
{Heap before GC invocations=57 (full 3):
 PSYoungGen      total 16896K, used 15744K [0x00000000d5580000, 0x00000000d6f80000, 0x0000000100000000)
  eden space 15360K, 100% used [0x00000000d5580000,0x00000000d6480000,0x00000000d6480000)
  from space 1536K, 25% used [0x00000000d6c80000,0x00000000d6ce0000,0x00000000d6e00000)
  to   space 1024K, 0% used [0x00000000d6e80000,0x00000000d6e80000,0x00000000d6f80000)
 ParOldGen       total 75776K, used 75465K [0x0000000080000000, 0x0000000084a00000, 0x00000000d5580000)
  object space 75776K, 99% used [0x0000000080000000,0x00000000849b24e8,0x0000000084a00000)
 Metaspace       used 65597K, committed 67072K, reserved 1114112K
  class space    used 6831K, committed 7488K, reserved 1048576K
}
Event: 78.087 GC heap after
{Heap after GC invocations=57 (full 3):
 PSYoungGen      total 15872K, used 224K [0x00000000d5580000, 0x00000000d6f00000, 0x0000000100000000)
  eden space 15360K, 0% used [0x00000000d5580000,0x00000000d5580000,0x00000000d6480000)
  from space 512K, 43% used [0x00000000d6e80000,0x00000000d6eb8000,0x00000000d6f00000)
  to   space 512K, 0% used [0x00000000d6e00000,0x00000000d6e00000,0x00000000d6e80000)
 ParOldGen       total 76288K, used 75785K [0x0000000080000000, 0x0000000084a80000, 0x00000000d5580000)
  object space 76288K, 99% used [0x0000000080000000,0x0000000084a024e8,0x0000000084a80000)
 Metaspace       used 65597K, committed 67072K, reserved 1114112K
  class space    used 6831K, committed 7488K, reserved 1048576K
}
Event: 78.203 GC heap before
{Heap before GC invocations=58 (full 3):
 PSYoungGen      total 15872K, used 15584K [0x00000000d5580000, 0x00000000d6f00000, 0x0000000100000000)
  eden space 15360K, 100% used [0x00000000d5580000,0x00000000d6480000,0x00000000d6480000)
  from space 512K, 43% used [0x00000000d6e80000,0x00000000d6eb8000,0x00000000d6f00000)
  to   space 512K, 0% used [0x00000000d6e00000,0x00000000d6e00000,0x00000000d6e80000)
 ParOldGen       total 76288K, used 75785K [0x0000000080000000, 0x0000000084a80000, 0x00000000d5580000)
  object space 76288K, 99% used [0x0000000080000000,0x0000000084a024e8,0x0000000084a80000)
 Metaspace       used 65598K, committed 67072K, reserved 1114112K
  class space    used 6831K, committed 7488K, reserved 1048576K
}
Event: 78.205 GC heap after
{Heap after GC invocations=58 (full 3):
 PSYoungGen      total 15872K, used 288K [0x00000000d5580000, 0x00000000d6f00000, 0x0000000100000000)
  eden space 15360K, 0% used [0x00000000d5580000,0x00000000d5580000,0x00000000d6480000)
  from space 512K, 56% used [0x00000000d6e00000,0x00000000d6e48000,0x00000000d6e80000)
  to   space 512K, 0% used [0x00000000d6e80000,0x00000000d6e80000,0x00000000d6f00000)
 ParOldGen       total 76288K, used 75817K [0x0000000080000000, 0x0000000084a80000, 0x00000000d5580000)
  object space 76288K, 99% used [0x0000000080000000,0x0000000084a0a4e8,0x0000000084a80000)
 Metaspace       used 65598K, committed 67072K, reserved 1114112K
  class space    used 6831K, committed 7488K, reserved 1048576K
}
Event: 78.389 GC heap before
{Heap before GC invocations=59 (full 3):
 PSYoungGen      total 15872K, used 15648K [0x00000000d5580000, 0x00000000d6f00000, 0x0000000100000000)
  eden space 15360K, 100% used [0x00000000d5580000,0x00000000d6480000,0x00000000d6480000)
  from space 512K, 56% used [0x00000000d6e00000,0x00000000d6e48000,0x00000000d6e80000)
  to   space 512K, 0% used [0x00000000d6e80000,0x00000000d6e80000,0x00000000d6f00000)
 ParOldGen       total 76288K, used 75817K [0x0000000080000000, 0x0000000084a80000, 0x00000000d5580000)
  object space 76288K, 99% used [0x0000000080000000,0x0000000084a0a4e8,0x0000000084a80000)
 Metaspace       used 65598K, committed 67072K, reserved 1114112K
  class space    used 6831K, committed 7488K, reserved 1048576K
}
Event: 78.391 GC heap after
{Heap after GC invocations=59 (full 3):
 PSYoungGen      total 15872K, used 256K [0x00000000d5580000, 0x00000000d6f00000, 0x0000000100000000)
  eden space 15360K, 0% used [0x00000000d5580000,0x00000000d5580000,0x00000000d6480000)
  from space 512K, 50% used [0x00000000d6e80000,0x00000000d6ec0000,0x00000000d6f00000)
  to   space 512K, 0% used [0x00000000d6e00000,0x00000000d6e00000,0x00000000d6e80000)
 ParOldGen       total 76288K, used 75857K [0x0000000080000000, 0x0000000084a80000, 0x00000000d5580000)
  object space 76288K, 99% used [0x0000000080000000,0x0000000084a144e8,0x0000000084a80000)
 Metaspace       used 65598K, committed 67072K, reserved 1114112K
  class space    used 6831K, committed 7488K, reserved 1048576K
}
Event: 78.588 GC heap before
{Heap before GC invocations=60 (full 3):
 PSYoungGen      total 15872K, used 15616K [0x00000000d5580000, 0x00000000d6f00000, 0x0000000100000000)
  eden space 15360K, 100% used [0x00000000d5580000,0x00000000d6480000,0x00000000d6480000)
  from space 512K, 50% used [0x00000000d6e80000,0x00000000d6ec0000,0x00000000d6f00000)
  to   space 512K, 0% used [0x00000000d6e00000,0x00000000d6e00000,0x00000000d6e80000)
 ParOldGen       total 76288K, used 75857K [0x0000000080000000, 0x0000000084a80000, 0x00000000d5580000)
  object space 76288K, 99% used [0x0000000080000000,0x0000000084a144e8,0x0000000084a80000)
 Metaspace       used 65604K, committed 67136K, reserved 1114112K
  class space    used 6831K, committed 7488K, reserved 1048576K
}
Event: 78.589 GC heap after
{Heap after GC invocations=60 (full 3):
 PSYoungGen      total 15872K, used 224K [0x00000000d5580000, 0x00000000d6f00000, 0x0000000100000000)
  eden space 15360K, 0% used [0x00000000d5580000,0x00000000d5580000,0x00000000d6480000)
  from space 512K, 43% used [0x00000000d6e00000,0x00000000d6e38000,0x00000000d6e80000)
  to   space 512K, 0% used [0x00000000d6e80000,0x00000000d6e80000,0x00000000d6f00000)
 ParOldGen       total 76288K, used 75897K [0x0000000080000000, 0x0000000084a80000, 0x00000000d5580000)
  object space 76288K, 99% used [0x0000000080000000,0x0000000084a1e4e8,0x0000000084a80000)
 Metaspace       used 65604K, committed 67136K, reserved 1114112K
  class space    used 6831K, committed 7488K, reserved 1048576K
}
Event: 78.852 GC heap before
{Heap before GC invocations=61 (full 3):
 PSYoungGen      total 15872K, used 15584K [0x00000000d5580000, 0x00000000d6f00000, 0x0000000100000000)
  eden space 15360K, 100% used [0x00000000d5580000,0x00000000d6480000,0x00000000d6480000)
  from space 512K, 43% used [0x00000000d6e00000,0x00000000d6e38000,0x00000000d6e80000)
  to   space 512K, 0% used [0x00000000d6e80000,0x00000000d6e80000,0x00000000d6f00000)
 ParOldGen       total 76288K, used 75897K [0x0000000080000000, 0x0000000084a80000, 0x00000000d5580000)
  object space 76288K, 99% used [0x0000000080000000,0x0000000084a1e4e8,0x0000000084a80000)
 Metaspace       used 65607K, committed 67136K, reserved 1114112K
  class space    used 6831K, committed 7488K, reserved 1048576K
}
Event: 78.855 GC heap after
{Heap after GC invocations=61 (full 3):
 PSYoungGen      total 15872K, used 273K [0x00000000d5580000, 0x00000000d6f00000, 0x0000000100000000)
  eden space 15360K, 0% used [0x00000000d5580000,0x00000000d5580000,0x00000000d6480000)
  from space 512K, 53% used [0x00000000d6e80000,0x00000000d6ec4770,0x00000000d6f00000)
  to   space 512K, 0% used [0x00000000d6e00000,0x00000000d6e00000,0x00000000d6e80000)
 ParOldGen       total 76288K, used 75929K [0x0000000080000000, 0x0000000084a80000, 0x00000000d5580000)
  object space 76288K, 99% used [0x0000000080000000,0x0000000084a264e8,0x0000000084a80000)
 Metaspace       used 65607K, committed 67136K, reserved 1114112K
  class space    used 6831K, committed 7488K, reserved 1048576K
}
Event: 79.173 GC heap before
{Heap before GC invocations=62 (full 3):
 PSYoungGen      total 15872K, used 15633K [0x00000000d5580000, 0x00000000d6f00000, 0x0000000100000000)
  eden space 15360K, 100% used [0x00000000d5580000,0x00000000d6480000,0x00000000d6480000)
  from space 512K, 53% used [0x00000000d6e80000,0x00000000d6ec4770,0x00000000d6f00000)
  to   space 512K, 0% used [0x00000000d6e00000,0x00000000d6e00000,0x00000000d6e80000)
 ParOldGen       total 76288K, used 75929K [0x0000000080000000, 0x0000000084a80000, 0x00000000d5580000)
  object space 76288K, 99% used [0x0000000080000000,0x0000000084a264e8,0x0000000084a80000)
 Metaspace       used 65607K, committed 67136K, reserved 1114112K
  class space    used 6831K, committed 7488K, reserved 1048576K
}
Event: 79.175 GC heap after
{Heap after GC invocations=62 (full 3):
 PSYoungGen      total 15872K, used 192K [0x00000000d5580000, 0x00000000d6f00000, 0x0000000100000000)
  eden space 15360K, 0% used [0x00000000d5580000,0x00000000d5580000,0x00000000d6480000)
  from space 512K, 37% used [0x00000000d6e00000,0x00000000d6e30000,0x00000000d6e80000)
  to   space 512K, 0% used [0x00000000d6e80000,0x00000000d6e80000,0x00000000d6f00000)
 ParOldGen       total 76288K, used 75977K [0x0000000080000000, 0x0000000084a80000, 0x00000000d5580000)
  object space 76288K, 99% used [0x0000000080000000,0x0000000084a324e8,0x0000000084a80000)
 Metaspace       used 65607K, committed 67136K, reserved 1114112K
  class space    used 6831K, committed 7488K, reserved 1048576K
}
Event: 79.279 GC heap before
{Heap before GC invocations=63 (full 3):
 PSYoungGen      total 15872K, used 15552K [0x00000000d5580000, 0x00000000d6f00000, 0x0000000100000000)
  eden space 15360K, 100% used [0x00000000d5580000,0x00000000d6480000,0x00000000d6480000)
  from space 512K, 37% used [0x00000000d6e00000,0x00000000d6e30000,0x00000000d6e80000)
  to   space 512K, 0% used [0x00000000d6e80000,0x00000000d6e80000,0x00000000d6f00000)
 ParOldGen       total 76288K, used 75977K [0x0000000080000000, 0x0000000084a80000, 0x00000000d5580000)
  object space 76288K, 99% used [0x0000000080000000,0x0000000084a324e8,0x0000000084a80000)
 Metaspace       used 65607K, committed 67136K, reserved 1114112K
  class space    used 6831K, committed 7488K, reserved 1048576K
}
Event: 79.281 GC heap after
{Heap after GC invocations=63 (full 3):
 PSYoungGen      total 15872K, used 312K [0x00000000d5580000, 0x00000000d6f00000, 0x0000000100000000)
  eden space 15360K, 0% used [0x00000000d5580000,0x00000000d5580000,0x00000000d6480000)
  from space 512K, 61% used [0x00000000d6e80000,0x00000000d6ece1e0,0x00000000d6f00000)
  to   space 512K, 0% used [0x00000000d6e00000,0x00000000d6e00000,0x00000000d6e80000)
 ParOldGen       total 76288K, used 76017K [0x0000000080000000, 0x0000000084a80000, 0x00000000d5580000)
  object space 76288K, 99% used [0x0000000080000000,0x0000000084a3c4e8,0x0000000084a80000)
 Metaspace       used 65607K, committed 67136K, reserved 1114112K
  class space    used 6831K, committed 7488K, reserved 1048576K
}
Event: 79.606 GC heap before
{Heap before GC invocations=64 (full 3):
 PSYoungGen      total 15872K, used 15672K [0x00000000d5580000, 0x00000000d6f00000, 0x0000000100000000)
  eden space 15360K, 100% used [0x00000000d5580000,0x00000000d6480000,0x00000000d6480000)
  from space 512K, 61% used [0x00000000d6e80000,0x00000000d6ece1e0,0x00000000d6f00000)
  to   space 512K, 0% used [0x00000000d6e00000,0x00000000d6e00000,0x00000000d6e80000)
 ParOldGen       total 76288K, used 76017K [0x0000000080000000, 0x0000000084a80000, 0x00000000d5580000)
  object space 76288K, 99% used [0x0000000080000000,0x0000000084a3c4e8,0x0000000084a80000)
 Metaspace       used 65701K, committed 67264K, reserved 1114112K
  class space    used 6844K, committed 7488K, reserved 1048576K
}
Event: 79.611 GC heap after
{Heap after GC invocations=64 (full 3):
 PSYoungGen      total 15872K, used 484K [0x00000000d5580000, 0x00000000d6f00000, 0x0000000100000000)
  eden space 15360K, 0% used [0x00000000d5580000,0x00000000d5580000,0x00000000d6480000)
  from space 512K, 94% used [0x00000000d6e00000,0x00000000d6e79210,0x00000000d6e80000)
  to   space 512K, 0% used [0x00000000d6e80000,0x00000000d6e80000,0x00000000d6f00000)
 ParOldGen       total 76800K, used 76353K [0x0000000080000000, 0x0000000084b00000, 0x00000000d5580000)
  object space 76800K, 99% used [0x0000000080000000,0x0000000084a904e8,0x0000000084b00000)
 Metaspace       used 65701K, committed 67264K, reserved 1114112K
  class space    used 6844K, committed 7488K, reserved 1048576K
}
Event: 79.738 GC heap before
{Heap before GC invocations=65 (full 3):
 PSYoungGen      total 15872K, used 15844K [0x00000000d5580000, 0x00000000d6f00000, 0x0000000100000000)
  eden space 15360K, 100% used [0x00000000d5580000,0x00000000d6480000,0x00000000d6480000)
  from space 512K, 94% used [0x00000000d6e00000,0x00000000d6e79210,0x00000000d6e80000)
  to   space 512K, 0% used [0x00000000d6e80000,0x00000000d6e80000,0x00000000d6f00000)
 ParOldGen       total 76800K, used 76353K [0x0000000080000000, 0x0000000084b00000, 0x00000000d5580000)
  object space 76800K, 99% used [0x0000000080000000,0x0000000084a904e8,0x0000000084b00000)
 Metaspace       used 65701K, committed 67264K, reserved 1114112K
  class space    used 6844K, committed 7488K, reserved 1048576K
}
Event: 79.740 GC heap after
{Heap after GC invocations=65 (full 3):
 PSYoungGen      total 15872K, used 512K [0x00000000d5580000, 0x00000000d6f00000, 0x0000000100000000)
  eden space 15360K, 0% used [0x00000000d5580000,0x00000000d5580000,0x00000000d6480000)
  from space 512K, 100% used [0x00000000d6e80000,0x00000000d6f00000,0x00000000d6f00000)
  to   space 1536K, 0% used [0x00000000d6c00000,0x00000000d6c00000,0x00000000d6d80000)
 ParOldGen       total 77312K, used 76901K [0x0000000080000000, 0x0000000084b80000, 0x00000000d5580000)
  object space 77312K, 99% used [0x0000000080000000,0x0000000084b196f8,0x0000000084b80000)
 Metaspace       used 65701K, committed 67264K, reserved 1114112K
  class space    used 6844K, committed 7488K, reserved 1048576K
}
Event: 79.940 GC heap before
{Heap before GC invocations=66 (full 3):
 PSYoungGen      total 15872K, used 15872K [0x00000000d5580000, 0x00000000d6f00000, 0x0000000100000000)
  eden space 15360K, 100% used [0x00000000d5580000,0x00000000d6480000,0x00000000d6480000)
  from space 512K, 100% used [0x00000000d6e80000,0x00000000d6f00000,0x00000000d6f00000)
  to   space 1536K, 0% used [0x00000000d6c00000,0x00000000d6c00000,0x00000000d6d80000)
 ParOldGen       total 77312K, used 76901K [0x0000000080000000, 0x0000000084b80000, 0x00000000d5580000)
  object space 77312K, 99% used [0x0000000080000000,0x0000000084b196f8,0x0000000084b80000)
 Metaspace       used 65720K, committed 67264K, reserved 1114112K
  class space    used 6844K, committed 7488K, reserved 1048576K
}
Event: 79.943 GC heap after
{Heap after GC invocations=66 (full 3):
 PSYoungGen      total 16896K, used 433K [0x00000000d5580000, 0x00000000d6f00000, 0x0000000100000000)
  eden space 15360K, 0% used [0x00000000d5580000,0x00000000d5580000,0x00000000d6480000)
  from space 1536K, 28% used [0x00000000d6c00000,0x00000000d6c6c770,0x00000000d6d80000)
  to   space 1024K, 0% used [0x00000000d6e00000,0x00000000d6e00000,0x00000000d6f00000)
 ParOldGen       total 77824K, used 77410K [0x0000000080000000, 0x0000000084c00000, 0x00000000d5580000)
  object space 77824K, 99% used [0x0000000080000000,0x0000000084b98a50,0x0000000084c00000)
 Metaspace       used 65720K, committed 67264K, reserved 1114112K
  class space    used 6844K, committed 7488K, reserved 1048576K
}

