# JRE version: OpenJDK Runtime Environment Temurin-21.0.10+7 (21.0.10+7) (build 21.0.10+7-LTS)
# Java VM: OpenJDK 64-Bit Server VM Temurin-21.0.10+7 (21.0.10+7-LTS, mixed mode, sharing, tiered, compressed oops, compressed class ptrs, parallel gc, windows-amd64)
GC Precious Log:
 CardTable entry size: 512
 CPUs: 4 total, 4 available
 Memory: 8073M
 Large Page Support: Disabled
 NUMA Support: Disabled
 Compressed Oops: Enabled (32-bit)
 Alignments: Space 512K, Generation 512K, Heap 2M
 Heap Min Capacity: 100M
 Heap Initial Capacity: 100M
 Heap Max Capacity: 2G
 Pre-touch: Disabled
 Parallel Workers: 4
Heap:
 PSYoungGen      total 3072K, used 1590K [0x00000000d5580000, 0x00000000d5980000, 0x0000000100000000)
  eden space 1536K, 88% used [0x00000000d5580000,0x00000000d56d5870,0x00000000d5700000)
  from space 1536K, 14% used [0x00000000d5700000,0x00000000d5738000,0x00000000d5880000)
  to   space 1024K, 0% used [0x00000000d5880000,0x00000000d5880000,0x00000000d5980000)
 ParOldGen       total 759808K, used 759377K [0x0000000080000000, 0x00000000ae600000, 0x00000000d5580000)
  object space 759808K, 99% used [0x0000000080000000,0x00000000ae594658,0x00000000ae600000)
 Metaspace       used 78288K, committed 79936K, reserved 1179648K
  class space    used 8279K, committed 9024K, reserved 1048576K
GC Heap History (20 events):
Event: 475.098 GC heap before
{Heap before GC invocations=1251 (full 3):
 PSYoungGen      total 2048K, used 1664K [0x00000000d5580000, 0x00000000d5880000, 0x0000000100000000)
  eden space 1536K, 100% used [0x00000000d5580000,0x00000000d5700000,0x00000000d5700000)
  from space 512K, 25% used [0x00000000d5780000,0x00000000d57a0000,0x00000000d5800000)
  to   space 512K, 0% used [0x00000000d5800000,0x00000000d5800000,0x00000000d5880000)
 ParOldGen       total 756736K, used 756389K [0x0000000080000000, 0x00000000ae300000, 0x00000000d5580000)
  object space 756736K, 99% used [0x0000000080000000,0x00000000ae2a9560,0x00000000ae300000)
 Metaspace       used 77308K, committed 78912K, reserved 1179648K
  class space    used 8152K, committed 8832K, reserved 1048576K
}
Event: 475.102 GC heap after
{Heap after GC invocations=1251 (full 3):
 PSYoungGen      total 2048K, used 96K [0x00000000d5580000, 0x00000000d5880000, 0x0000000100000000)
  eden space 1536K, 0% used [0x00000000d5580000,0x00000000d5580000,0x00000000d5700000)
  from space 512K, 18% used [0x00000000d5800000,0x00000000d5818000,0x00000000d5880000)
  to   space 512K, 0% used [0x00000000d5780000,0x00000000d5780000,0x00000000d5800000)
 ParOldGen       total 756736K, used 756413K [0x0000000080000000, 0x00000000ae300000, 0x00000000d5580000)
  object space 756736K, 99% used [0x0000000080000000,0x00000000ae2af560,0x00000000ae300000)
 Metaspace       used 77308K, committed 78912K, reserved 1179648K
  class space    used 8152K, committed 8832K, reserved 1048576K
}
Event: 475.132 GC heap before
{Heap before GC invocations=1252 (full 3):
 PSYoungGen      total 2048K, used 1632K [0x00000000d5580000, 0x00000000d5880000, 0x0000000100000000)
  eden space 1536K, 100% used [0x00000000d5580000,0x00000000d5700000,0x00000000d5700000)
  from space 512K, 18% used [0x00000000d5800000,0x00000000d5818000,0x00000000d5880000)
  to   space 512K, 0% used [0x00000000d5780000,0x00000000d5780000,0x00000000d5800000)
 ParOldGen       total 756736K, used 756413K [0x0000000080000000, 0x00000000ae300000, 0x00000000d5580000)
  object space 756736K, 99% used [0x0000000080000000,0x00000000ae2af560,0x00000000ae300000)
 Metaspace       used 77438K, committed 79104K, reserved 1179648K
  class space    used 8184K, committed 8896K, reserved 1048576K
}
Event: 475.136 GC heap after
{Heap after GC invocations=1252 (full 3):
 PSYoungGen      total 2048K, used 128K [0x00000000d5580000, 0x00000000d5880000, 0x0000000100000000)
  eden space 1536K, 0% used [0x00000000d5580000,0x00000000d5580000,0x00000000d5700000)
  from space 512K, 25% used [0x00000000d5780000,0x00000000d57a0000,0x00000000d5800000)
  to   space 512K, 0% used [0x00000000d5800000,0x00000000d5800000,0x00000000d5880000)
 ParOldGen       total 756736K, used 756453K [0x0000000080000000, 0x00000000ae300000, 0x00000000d5580000)
  object space 756736K, 99% used [0x0000000080000000,0x00000000ae2b9560,0x00000000ae300000)
 Metaspace       used 77438K, committed 79104K, reserved 1179648K
  class space    used 8184K, committed 8896K, reserved 1048576K
}
Event: 475.175 GC heap before
{Heap before GC invocations=1253 (full 3):
 PSYoungGen      total 2048K, used 1653K [0x00000000d5580000, 0x00000000d5880000, 0x0000000100000000)
  eden space 1536K, 99% used [0x00000000d5580000,0x00000000d56fd4e0,0x00000000d5700000)
  from space 512K, 25% used [0x00000000d5780000,0x00000000d57a0000,0x00000000d5800000)
  to   space 512K, 0% used [0x00000000d5800000,0x00000000d5800000,0x00000000d5880000)
 ParOldGen       total 756736K, used 756453K [0x0000000080000000, 0x00000000ae300000, 0x00000000d5580000)
  object space 756736K, 99% used [0x0000000080000000,0x00000000ae2b9560,0x00000000ae300000)
 Metaspace       used 77654K, committed 79296K, reserved 1179648K
  class space    used 8204K, committed 8896K, reserved 1048576K
}
Event: 475.179 GC heap after
{Heap after GC invocations=1253 (full 3):
 PSYoungGen      total 2048K, used 128K [0x00000000d5580000, 0x00000000d5880000, 0x0000000100000000)
  eden space 1536K, 0% used [0x00000000d5580000,0x00000000d5580000,0x00000000d5700000)
  from space 512K, 25% used [0x00000000d5800000,0x00000000d5820000,0x00000000d5880000)
  to   space 512K, 0% used [0x00000000d5780000,0x00000000d5780000,0x00000000d5800000)
 ParOldGen       total 756736K, used 756493K [0x0000000080000000, 0x00000000ae300000, 0x00000000d5580000)
  object space 756736K, 99% used [0x0000000080000000,0x00000000ae2c3560,0x00000000ae300000)
 Metaspace       used 77654K, committed 79296K, reserved 1179648K
  class space    used 8204K, committed 8896K, reserved 1048576K
}
Event: 475.242 GC heap before
{Heap before GC invocations=1254 (full 3):
 PSYoungGen      total 2048K, used 1664K [0x00000000d5580000, 0x00000000d5880000, 0x0000000100000000)
  eden space 1536K, 100% used [0x00000000d5580000,0x00000000d5700000,0x00000000d5700000)
  from space 512K, 25% used [0x00000000d5800000,0x00000000d5820000,0x00000000d5880000)
  to   space 512K, 0% used [0x00000000d5780000,0x00000000d5780000,0x00000000d5800000)
 ParOldGen       total 756736K, used 756493K [0x0000000080000000, 0x00000000ae300000, 0x00000000d5580000)
  object space 756736K, 99% used [0x0000000080000000,0x00000000ae2c3560,0x00000000ae300000)
 Metaspace       used 77816K, committed 79552K, reserved 1179648K
  class space    used 8224K, committed 8960K, reserved 1048576K
}
Event: 475.247 GC heap after
{Heap after GC invocations=1254 (full 3):
 PSYoungGen      total 2048K, used 160K [0x00000000d5580000, 0x00000000d5880000, 0x0000000100000000)
  eden space 1536K, 0% used [0x00000000d5580000,0x00000000d5580000,0x00000000d5700000)
  from space 512K, 31% used [0x00000000d5780000,0x00000000d57a8000,0x00000000d5800000)
  to   space 512K, 0% used [0x00000000d5800000,0x00000000d5800000,0x00000000d5880000)
 ParOldGen       total 756736K, used 756525K [0x0000000080000000, 0x00000000ae300000, 0x00000000d5580000)
  object space 756736K, 99% used [0x0000000080000000,0x00000000ae2cb560,0x00000000ae300000)
 Metaspace       used 77816K, committed 79552K, reserved 1179648K
  class space    used 8224K, committed 8960K, reserved 1048576K
}
Event: 476.149 GC heap before
{Heap before GC invocations=1255 (full 3):
 PSYoungGen      total 2048K, used 1696K [0x00000000d5580000, 0x00000000d5880000, 0x0000000100000000)
  eden space 1536K, 100% used [0x00000000d5580000,0x00000000d5700000,0x00000000d5700000)
  from space 512K, 31% used [0x00000000d5780000,0x00000000d57a8000,0x00000000d5800000)
  to   space 512K, 0% used [0x00000000d5800000,0x00000000d5800000,0x00000000d5880000)
 ParOldGen       total 756736K, used 756525K [0x0000000080000000, 0x00000000ae300000, 0x00000000d5580000)
  object space 756736K, 99% used [0x0000000080000000,0x00000000ae2cb560,0x00000000ae300000)
 Metaspace       used 78004K, committed 79680K, reserved 1179648K
  class space    used 8252K, committed 8960K, reserved 1048576K
}
Event: 476.153 GC heap after
{Heap after GC invocations=1255 (full 3):
 PSYoungGen      total 2048K, used 276K [0x00000000d5580000, 0x00000000d5880000, 0x0000000100000000)
  eden space 1536K, 0% used [0x00000000d5580000,0x00000000d5580000,0x00000000d5700000)
  from space 512K, 54% used [0x00000000d5800000,0x00000000d5845200,0x00000000d5880000)
  to   space 512K, 0% used [0x00000000d5780000,0x00000000d5780000,0x00000000d5800000)
 ParOldGen       total 756736K, used 756613K [0x0000000080000000, 0x00000000ae300000, 0x00000000d5580000)
  object space 756736K, 99% used [0x0000000080000000,0x00000000ae2e1570,0x00000000ae300000)
 Metaspace       used 78004K, committed 79680K, reserved 1179648K
  class space    used 8252K, committed 8960K, reserved 1048576K
}
Event: 476.167 GC heap before
{Heap before GC invocations=1256 (full 3):
 PSYoungGen      total 2048K, used 1812K [0x00000000d5580000, 0x00000000d5880000, 0x0000000100000000)
  eden space 1536K, 100% used [0x00000000d5580000,0x00000000d5700000,0x00000000d5700000)
  from space 512K, 54% used [0x00000000d5800000,0x00000000d5845200,0x00000000d5880000)
  to   space 512K, 0% used [0x00000000d5780000,0x00000000d5780000,0x00000000d5800000)
 ParOldGen       total 756736K, used 756613K [0x0000000080000000, 0x00000000ae300000, 0x00000000d5580000)
  object space 756736K, 99% used [0x0000000080000000,0x00000000ae2e1570,0x00000000ae300000)
 Metaspace       used 78004K, committed 79680K, reserved 1179648K
  class space    used 8252K, committed 8960K, reserved 1048576K
}
Event: 476.173 GC heap after
{Heap after GC invocations=1256 (full 3):
 PSYoungGen      total 2048K, used 352K [0x00000000d5580000, 0x00000000d5880000, 0x0000000100000000)
  eden space 1536K, 0% used [0x00000000d5580000,0x00000000d5580000,0x00000000d5700000)
  from space 512K, 68% used [0x00000000d5780000,0x00000000d57d8000,0x00000000d5800000)
  to   space 512K, 0% used [0x00000000d5800000,0x00000000d5800000,0x00000000d5880000)
 ParOldGen       total 757248K, used 756777K [0x0000000080000000, 0x00000000ae380000, 0x00000000d5580000)
  object space 757248K, 99% used [0x0000000080000000,0x00000000ae30a770,0x00000000ae380000)
 Metaspace       used 78004K, committed 79680K, reserved 1179648K
  class space    used 8252K, committed 8960K, reserved 1048576K
}
Event: 476.194 GC heap before
{Heap before GC invocations=1257 (full 3):
 PSYoungGen      total 2048K, used 1883K [0x00000000d5580000, 0x00000000d5880000, 0x0000000100000000)
  eden space 1536K, 99% used [0x00000000d5580000,0x00000000d56fec78,0x00000000d5700000)
  from space 512K, 68% used [0x00000000d5780000,0x00000000d57d8000,0x00000000d5800000)
  to   space 512K, 0% used [0x00000000d5800000,0x00000000d5800000,0x00000000d5880000)
 ParOldGen       total 757248K, used 756777K [0x0000000080000000, 0x00000000ae380000, 0x00000000d5580000)
  object space 757248K, 99% used [0x0000000080000000,0x00000000ae30a770,0x00000000ae380000)
 Metaspace       used 78004K, committed 79680K, reserved 1179648K
  class space    used 8252K, committed 8960K, reserved 1048576K
}
Event: 476.200 GC heap after
{Heap after GC invocations=1257 (full 3):
 PSYoungGen      total 2048K, used 512K [0x00000000d5580000, 0x00000000d5900000, 0x0000000100000000)
  eden space 1536K, 0% used [0x00000000d5580000,0x00000000d5580000,0x00000000d5700000)
  from space 512K, 100% used [0x00000000d5800000,0x00000000d5880000,0x00000000d5880000)
  to   space 1024K, 0% used [0x00000000d5700000,0x00000000d5700000,0x00000000d5800000)
 ParOldGen       total 757248K, used 757097K [0x0000000080000000, 0x00000000ae380000, 0x00000000d5580000)
  object space 757248K, 99% used [0x0000000080000000,0x00000000ae35a770,0x00000000ae380000)
 Metaspace       used 78004K, committed 79680K, reserved 1179648K
  class space    used 8252K, committed 8960K, reserved 1048576K
}
Event: 476.252 GC heap before
{Heap before GC invocations=1258 (full 3):
 PSYoungGen      total 2048K, used 1991K [0x00000000d5580000, 0x00000000d5900000, 0x0000000100000000)
  eden space 1536K, 96% used [0x00000000d5580000,0x00000000d56f1d58,0x00000000d5700000)
  from space 512K, 100% used [0x00000000d5800000,0x00000000d5880000,0x00000000d5880000)
  to   space 1024K, 0% used [0x00000000d5700000,0x00000000d5700000,0x00000000d5800000)
 ParOldGen       total 757248K, used 757097K [0x0000000080000000, 0x00000000ae380000, 0x00000000d5580000)
  object space 757248K, 99% used [0x0000000080000000,0x00000000ae35a770,0x00000000ae380000)
 Metaspace       used 78004K, committed 79680K, reserved 1179648K
  class space    used 8252K, committed 8960K, reserved 1048576K
}
Event: 476.257 GC heap after
{Heap after GC invocations=1258 (full 3):
 PSYoungGen      total 2560K, used 1004K [0x00000000d5580000, 0x00000000d5b00000, 0x0000000100000000)
  eden space 1536K, 0% used [0x00000000d5580000,0x00000000d5580000,0x00000000d5700000)
  from space 1024K, 98% used [0x00000000d5700000,0x00000000d57fb200,0x00000000d5800000)
  to   space 2048K, 0% used [0x00000000d5900000,0x00000000d5900000,0x00000000d5b00000)
 ParOldGen       total 757760K, used 757705K [0x0000000080000000, 0x00000000ae400000, 0x00000000d5580000)
  object space 757760K, 99% used [0x0000000080000000,0x00000000ae3f2780,0x00000000ae400000)
 Metaspace       used 78004K, committed 79680K, reserved 1179648K
  class space    used 8252K, committed 8960K, reserved 1048576K
}
Event: 476.332 GC heap before
{Heap before GC invocations=1259 (full 3):
 PSYoungGen      total 2560K, used 2540K [0x00000000d5580000, 0x00000000d5b00000, 0x0000000100000000)
  eden space 1536K, 100% used [0x00000000d5580000,0x00000000d5700000,0x00000000d5700000)
  from space 1024K, 98% used [0x00000000d5700000,0x00000000d57fb200,0x00000000d5800000)
  to   space 2048K, 0% used [0x00000000d5900000,0x00000000d5900000,0x00000000d5b00000)
 ParOldGen       total 757760K, used 757705K [0x0000000080000000, 0x00000000ae400000, 0x00000000d5580000)
  object space 757760K, 99% used [0x0000000080000000,0x00000000ae3f2780,0x00000000ae400000)
 Metaspace       used 78014K, committed 79680K, reserved 1179648K
  class space    used 8252K, committed 8960K, reserved 1048576K
}
Event: 476.339 GC heap after
{Heap after GC invocations=1259 (full 3):
 PSYoungGen      total 2560K, used 888K [0x00000000d5580000, 0x00000000d5a00000, 0x0000000100000000)
  eden space 1536K, 0% used [0x00000000d5580000,0x00000000d5580000,0x00000000d5700000)
  from space 1024K, 86% used [0x00000000d5900000,0x00000000d59de1e0,0x00000000d5a00000)
  to   space 1536K, 0% used [0x00000000d5700000,0x00000000d5700000,0x00000000d5880000)
 ParOldGen       total 758784K, used 758705K [0x0000000080000000, 0x00000000ae500000, 0x00000000d5580000)
  object space 758784K, 99% used [0x0000000080000000,0x00000000ae4ec658,0x00000000ae500000)
 Metaspace       used 78014K, committed 79680K, reserved 1179648K
  class space    used 8252K, committed 8960K, reserved 1048576K
}
Event: 480.482 GC heap before
{Heap before GC invocations=1260 (full 3):
 PSYoungGen      total 2560K, used 2424K [0x00000000d5580000, 0x00000000d5a00000, 0x0000000100000000)
  eden space 1536K, 100% used [0x00000000d5580000,0x00000000d5700000,0x00000000d5700000)
  from space 1024K, 86% used [0x00000000d5900000,0x00000000d59de1e0,0x00000000d5a00000)
  to   space 1536K, 0% used [0x00000000d5700000,0x00000000d5700000,0x00000000d5880000)
 ParOldGen       total 758784K, used 758705K [0x0000000080000000, 0x00000000ae500000, 0x00000000d5580000)
  object space 758784K, 99% used [0x0000000080000000,0x00000000ae4ec658,0x00000000ae500000)
 Metaspace       used 78182K, committed 79872K, reserved 1179648K
  class space    used 8265K, committed 8960K, reserved 1048576K
}
Event: 480.487 GC heap after
{Heap after GC invocations=1260 (full 3):
 PSYoungGen      total 3072K, used 224K [0x00000000d5580000, 0x00000000d5980000, 0x0000000100000000)
  eden space 1536K, 0% used [0x00000000d5580000,0x00000000d5580000,0x00000000d5700000)
  from space 1536K, 14% used [0x00000000d5700000,0x00000000d5738000,0x00000000d5880000)
  to   space 1024K, 0% used [0x00000000d5880000,0x00000000d5880000,0x00000000d5980000)
 ParOldGen       total 759808K, used 759377K [0x0000000080000000, 0x00000000ae600000, 0x00000000d5580000)
  object space 759808K, 99% used [0x0000000080000000,0x00000000ae594658,0x00000000ae600000)
 Metaspace       used 78182K, committed 79872K, reserved 1179648K
  class space    used 8265K, committed 8960K, reserved 1048576K
}

